<?xml version="1.0" encoding="UTF-8"?>
<testng-results skipped="0" failed="1" ignored="0" total="1" passed="0">
  <reporter-output>
  </reporter-output>
  <suite name="Default suite" duration-ms="41535" started-at="2019-07-16T09:15:34Z" finished-at="2019-07-16T09:16:15Z">
    <groups>
    </groups>
    <test name="Default test" duration-ms="41535" started-at="2019-07-16T09:15:34Z" finished-at="2019-07-16T09:16:15Z">
      <class name="testCases.TC004_RegistrationDeveloper">
        <test-method status="PASS" signature="beforeSuite()[pri:0, instance:testCases.TC004_RegistrationDeveloper@4d1b0d2a]" name="beforeSuite" is-config="true" duration-ms="272" started-at="2019-07-16T09:15:33Z" finished-at="2019-07-16T09:15:34Z">
          <reporter-output>
          </reporter-output>
        </test-method> <!-- beforeSuite -->
        <test-method status="PASS" signature="beforeTest()[pri:0, instance:testCases.TC004_RegistrationDeveloper@4d1b0d2a]" name="beforeTest" is-config="true" duration-ms="1" started-at="2019-07-16T09:15:34Z" finished-at="2019-07-16T09:15:34Z">
          <reporter-output>
          </reporter-output>
        </test-method> <!-- beforeTest -->
        <test-method status="PASS" signature="setValues()[pri:0, instance:testCases.TC004_RegistrationDeveloper@4d1b0d2a]" name="setValues" is-config="true" duration-ms="0" started-at="2019-07-16T09:15:34Z" finished-at="2019-07-16T09:15:34Z">
          <reporter-output>
          </reporter-output>
        </test-method> <!-- setValues -->
        <test-method status="PASS" signature="beforeMethod()[pri:0, instance:testCases.TC004_RegistrationDeveloper@4d1b0d2a]" name="beforeMethod" is-config="true" duration-ms="4931" started-at="2019-07-16T09:15:34Z" finished-at="2019-07-16T09:15:39Z">
          <reporter-output>
          </reporter-output>
        </test-method> <!-- beforeMethod -->
        <test-method status="FAIL" signature="developerRegistration(java.lang.String, java.lang.String, java.lang.String, java.lang.String, java.lang.String, java.lang.String, java.lang.String, java.lang.String)[pri:0, instance:testCases.TC004_RegistrationDeveloper@4d1b0d2a]" name="developerRegistration" duration-ms="35400" started-at="2019-07-16T09:15:39Z" data-provider="fetchData" finished-at="2019-07-16T09:16:14Z">
          <params>
            <param index="0">
              <value>
                <![CDATA[Abi]]>
              </value>
            </param>
            <param index="1">
              <value>
                <![CDATA[Rama]]>
              </value>
            </param>
            <param index="2">
              <value>
                <![CDATA[Dev TestA]]>
              </value>
            </param>
            <param index="3">
              <value>
                <![CDATA[https://www.thales.com]]>
              </value>
            </param>
            <param index="4">
              <value>
                <![CDATA[8664522165]]>
              </value>
            </param>
            <param index="5">
              <value>
                <![CDATA[https://www.linkedin.com/same/login]]>
              </value>
            </param>
            <param index="6">
              <value>
                <![CDATA[abi.s@lnttsthales.com]]>
              </value>
            </param>
            <param index="7">
              <value>
                <![CDATA[Abirami@1]]>
              </value>
            </param>
          </params>
          <exception class="java.lang.RuntimeException">
            <message>
              <![CDATA[FAILED]]>
            </message>
            <full-stacktrace>
              <![CDATA[java.lang.RuntimeException: FAILED
at utils.Reporter.reportStep(Reporter.java:50)
at utils.Reporter.reportStep(Reporter.java:60)
at wrappers.GenericWrappers.enterById(GenericWrappers.java:148)
at pages.RegistrationPage.enterCompanyPhone(RegistrationPage.java:39)
at testCases.TC004_RegistrationDeveloper.developerRegistration(TC004_RegistrationDeveloper.java:34)
at sun.reflect.NativeMethodAccessorImpl.invoke0(Native Method)
at sun.reflect.NativeMethodAccessorImpl.invoke(NativeMethodAccessorImpl.java:62)
at sun.reflect.DelegatingMethodAccessorImpl.invoke(DelegatingMethodAccessorImpl.java:43)
at java.lang.reflect.Method.invoke(Method.java:498)
at org.testng.internal.MethodInvocationHelper.invokeMethod(MethodInvocationHelper.java:124)
at org.testng.internal.Invoker.invokeMethod(Invoker.java:583)
at org.testng.internal.Invoker.invokeTestMethod(Invoker.java:719)
at org.testng.internal.Invoker.invokeTestMethods(Invoker.java:989)
at org.testng.internal.TestMethodWorker.invokeTestMethods(TestMethodWorker.java:125)
at org.testng.internal.TestMethodWorker.run(TestMethodWorker.java:109)
at org.testng.TestRunner.privateRun(TestRunner.java:648)
at org.testng.TestRunner.run(TestRunner.java:505)
at org.testng.SuiteRunner.runTest(SuiteRunner.java:455)
at org.testng.SuiteRunner.runSequentially(SuiteRunner.java:450)
at org.testng.SuiteRunner.privateRun(SuiteRunner.java:415)
at org.testng.SuiteRunner.run(SuiteRunner.java:364)
at org.testng.SuiteRunnerWorker.runSuite(SuiteRunnerWorker.java:52)
at org.testng.SuiteRunnerWorker.run(SuiteRunnerWorker.java:84)
at org.testng.TestNG.runSuitesSequentially(TestNG.java:1208)
at org.testng.TestNG.runSuitesLocally(TestNG.java:1137)
at org.testng.TestNG.runSuites(TestNG.java:1049)
at org.testng.TestNG.run(TestNG.java:1017)
at org.testng.remote.AbstractRemoteTestNG.run(AbstractRemoteTestNG.java:115)
at org.testng.remote.RemoteTestNG.initAndRun(RemoteTestNG.java:251)
at org.testng.remote.RemoteTestNG.main(RemoteTestNG.java:77)
]]>
            </full-stacktrace>
          </exception> <!-- java.lang.RuntimeException -->
          <reporter-output>
          </reporter-output>
        </test-method> <!-- developerRegistration -->
        <test-method status="PASS" signature="afterMethod(org.testng.ITestResult)[pri:0, instance:testCases.TC004_RegistrationDeveloper@4d1b0d2a]" name="afterMethod" is-config="true" duration-ms="780" started-at="2019-07-16T09:16:14Z" finished-at="2019-07-16T09:16:15Z">
          <params>
            <param index="0">
              <value>
                <![CDATA[[TestResult name=developerRegistration status=FAILURE method=TC004_RegistrationDeveloper.developerRegistration(java.lang.String, java.lang.String, java.lang.String, java.lang.String, java.lang.String, java.lang.String, java.lang.String, java.lang.String)[pri:0, instance:testCases.TC004_RegistrationDeveloper@4d1b0d2a] output={null}]]]>
              </value>
            </param>
          </params>
          <reporter-output>
          </reporter-output>
        </test-method> <!-- afterMethod -->
        <test-method status="PASS" signature="afterClass()[pri:0, instance:testCases.TC004_RegistrationDeveloper@4d1b0d2a]" name="afterClass" is-config="true" duration-ms="0" started-at="2019-07-16T09:16:15Z" finished-at="2019-07-16T09:16:15Z">
          <reporter-output>
          </reporter-output>
        </test-method> <!-- afterClass -->
        <test-method status="PASS" signature="afterTest()[pri:0, instance:testCases.TC004_RegistrationDeveloper@4d1b0d2a]" name="afterTest" is-config="true" duration-ms="0" started-at="2019-07-16T09:16:15Z" finished-at="2019-07-16T09:16:15Z">
          <reporter-output>
          </reporter-output>
        </test-method> <!-- afterTest -->
        <test-method status="PASS" signature="afterSuite()[pri:0, instance:testCases.TC004_RegistrationDeveloper@4d1b0d2a]" name="afterSuite" is-config="true" duration-ms="200" started-at="2019-07-16T09:16:15Z" finished-at="2019-07-16T09:16:15Z">
          <reporter-output>
          </reporter-output>
        </test-method> <!-- afterSuite -->
      </class> <!-- testCases.TC004_RegistrationDeveloper -->
    </test> <!-- Default test -->
  </suite> <!-- Default suite -->
</testng-results>
